<?xml version="1.0" encoding="UTF-8"?>
<robot generator="Robot 6.1.1 (Python 3.10.6 on win32)" generated="20251115 18:32:50.064" rpa="false" schemaversion="4">
<suite id="s1" name="Tests" source="E:\kurssit\ohjelmistotuotanto\palautus\Ohjelmistotuotanto\osa 3\login-robot\src\tests">
<suite id="s1-s1" name="Login" source="E:\kurssit\ohjelmistotuotanto\palautus\Ohjelmistotuotanto\osa 3\login-robot\src\tests\login.robot">
<test id="s1-s1-t1" name="Login With Correct Credentials" line="6">
<kw name="Create User And Input Login Command" type="SETUP">
<kw name="Create User" library="AppLibrary">
<arg>kalle</arg>
<arg>kalle123</arg>
<status status="PASS" starttime="20251115 18:32:50.087" endtime="20251115 18:32:50.087"/>
</kw>
<kw name="Input Login Command" library="resource">
<kw name="Input" library="AppLibrary">
<arg>login</arg>
<status status="PASS" starttime="20251115 18:32:50.087" endtime="20251115 18:32:50.087"/>
</kw>
<status status="PASS" starttime="20251115 18:32:50.087" endtime="20251115 18:32:50.087"/>
</kw>
<status status="PASS" starttime="20251115 18:32:50.085" endtime="20251115 18:32:50.087"/>
</kw>
<kw name="Input Credentials" library="resource">
<arg>kalle</arg>
<arg>kalle123</arg>
<kw name="Input" library="AppLibrary">
<arg>${username}</arg>
<status status="PASS" starttime="20251115 18:32:50.087" endtime="20251115 18:32:50.087"/>
</kw>
<kw name="Input" library="AppLibrary">
<arg>${password}</arg>
<status status="PASS" starttime="20251115 18:32:50.087" endtime="20251115 18:32:50.087"/>
</kw>
<kw name="Run Application" library="AppLibrary">
<status status="PASS" starttime="20251115 18:32:50.087" endtime="20251115 18:32:50.087"/>
</kw>
<status status="PASS" starttime="20251115 18:32:50.087" endtime="20251115 18:32:50.087"/>
</kw>
<kw name="Output Should Contain" library="AppLibrary">
<arg>Logged in</arg>
<status status="PASS" starttime="20251115 18:32:50.087" endtime="20251115 18:32:50.087"/>
</kw>
<status status="PASS" starttime="20251115 18:32:50.085" endtime="20251115 18:32:50.087"/>
</test>
<test id="s1-s1-t2" name="Login With Incorrect Password" line="10">
<kw name="Create User And Input Login Command" type="SETUP">
<kw name="Create User" library="AppLibrary">
<arg>kalle</arg>
<arg>kalle123</arg>
<status status="PASS" starttime="20251115 18:32:50.087" endtime="20251115 18:32:50.087"/>
</kw>
<kw name="Input Login Command" library="resource">
<kw name="Input" library="AppLibrary">
<arg>login</arg>
<status status="PASS" starttime="20251115 18:32:50.087" endtime="20251115 18:32:50.087"/>
</kw>
<status status="PASS" starttime="20251115 18:32:50.087" endtime="20251115 18:32:50.087"/>
</kw>
<status status="PASS" starttime="20251115 18:32:50.087" endtime="20251115 18:32:50.087"/>
</kw>
<kw name="Input Credentials" library="resource">
<arg>kalle</arg>
<arg>sipulikeitto</arg>
<kw name="Input" library="AppLibrary">
<arg>${username}</arg>
<status status="PASS" starttime="20251115 18:32:50.087" endtime="20251115 18:32:50.087"/>
</kw>
<kw name="Input" library="AppLibrary">
<arg>${password}</arg>
<status status="PASS" starttime="20251115 18:32:50.087" endtime="20251115 18:32:50.087"/>
</kw>
<kw name="Run Application" library="AppLibrary">
<status status="PASS" starttime="20251115 18:32:50.087" endtime="20251115 18:32:50.087"/>
</kw>
<status status="PASS" starttime="20251115 18:32:50.087" endtime="20251115 18:32:50.087"/>
</kw>
<kw name="Output Should Contain" library="AppLibrary">
<arg>Invalid username or password</arg>
<status status="PASS" starttime="20251115 18:32:50.087" endtime="20251115 18:32:50.087"/>
</kw>
<status status="PASS" starttime="20251115 18:32:50.087" endtime="20251115 18:32:50.087"/>
</test>
<test id="s1-s1-t3" name="Login With Nonexistent Username" line="14">
<kw name="Create User And Input Login Command" type="SETUP">
<kw name="Create User" library="AppLibrary">
<arg>kalle</arg>
<arg>kalle123</arg>
<status status="PASS" starttime="20251115 18:32:50.091" endtime="20251115 18:32:50.091"/>
</kw>
<kw name="Input Login Command" library="resource">
<kw name="Input" library="AppLibrary">
<arg>login</arg>
<status status="PASS" starttime="20251115 18:32:50.091" endtime="20251115 18:32:50.091"/>
</kw>
<status status="PASS" starttime="20251115 18:32:50.091" endtime="20251115 18:32:50.091"/>
</kw>
<status status="PASS" starttime="20251115 18:32:50.091" endtime="20251115 18:32:50.091"/>
</kw>
<kw name="Input Credentials" library="resource">
<arg>kissa</arg>
<arg>kalle123</arg>
<kw name="Input" library="AppLibrary">
<arg>${username}</arg>
<status status="PASS" starttime="20251115 18:32:50.091" endtime="20251115 18:32:50.091"/>
</kw>
<kw name="Input" library="AppLibrary">
<arg>${password}</arg>
<status status="PASS" starttime="20251115 18:32:50.091" endtime="20251115 18:32:50.091"/>
</kw>
<kw name="Run Application" library="AppLibrary">
<status status="PASS" starttime="20251115 18:32:50.091" endtime="20251115 18:32:50.091"/>
</kw>
<status status="PASS" starttime="20251115 18:32:50.091" endtime="20251115 18:32:50.091"/>
</kw>
<kw name="Output Should Contain" library="AppLibrary">
<arg>Invalid username or password</arg>
<status status="PASS" starttime="20251115 18:32:50.091" endtime="20251115 18:32:50.091"/>
</kw>
<status status="PASS" starttime="20251115 18:32:50.091" endtime="20251115 18:32:50.091"/>
</test>
<status status="PASS" starttime="20251115 18:32:50.078" endtime="20251115 18:32:50.091"/>
</suite>
<suite id="s1-s2" name="Register" source="E:\kurssit\ohjelmistotuotanto\palautus\Ohjelmistotuotanto\osa 3\login-robot\src\tests\register.robot">
<test id="s1-s2-t1" name="Register With Valid Username And Password" line="5">
<kw name="Create User" library="AppLibrary">
<arg>kissa</arg>
<arg>kissaistuupuussa123</arg>
<status status="PASS" starttime="20251115 18:32:50.091" endtime="20251115 18:32:50.091"/>
</kw>
<kw name="Output Should Contain" library="AppLibrary">
<arg>New user registered</arg>
<msg timestamp="20251115 18:32:50.091" level="FAIL">Output "New user registered" is not in []</msg>
<status status="FAIL" starttime="20251115 18:32:50.091" endtime="20251115 18:32:50.091"/>
</kw>
<status status="FAIL" starttime="20251115 18:32:50.091" endtime="20251115 18:32:50.091">Output "New user registered" is not in []</status>
</test>
<test id="s1-s2-t2" name="Register With Already Taken Username And Valid Password" line="9">
<kw name="Create User" library="AppLibrary">
<arg>kalle</arg>
<arg>salasana123</arg>
<status status="PASS" starttime="20251115 18:32:50.097" endtime="20251115 18:32:50.097"/>
</kw>
<kw name="Output Should Contain" library="AppLibrary">
<arg>User with username kalle already exists</arg>
<msg timestamp="20251115 18:32:50.097" level="FAIL">Output "User with username kalle already exists" is not in []</msg>
<status status="FAIL" starttime="20251115 18:32:50.097" endtime="20251115 18:32:50.097"/>
</kw>
<status status="FAIL" starttime="20251115 18:32:50.091" endtime="20251115 18:32:50.097">Output "User with username kalle already exists" is not in []</status>
</test>
<test id="s1-s2-t3" name="Register With Too Short Username And Valid Password" line="13">
<kw name="Create User" library="AppLibrary">
<arg>aa</arg>
<arg>salasana12345</arg>
<msg timestamp="20251115 18:32:50.097" level="FAIL">UserInputError: Username has to be more than 2 characters long</msg>
<status status="FAIL" starttime="20251115 18:32:50.097" endtime="20251115 18:32:50.097"/>
</kw>
<kw name="Output Should Contain" library="AppLibrary">
<arg>Username has to be more than 2 characters long</arg>
<status status="NOT RUN" starttime="20251115 18:32:50.097" endtime="20251115 18:32:50.097"/>
</kw>
<status status="FAIL" starttime="20251115 18:32:50.097" endtime="20251115 18:32:50.097">UserInputError: Username has to be more than 2 characters long</status>
</test>
<test id="s1-s2-t4" name="Register With Enough Long But Invalid Username And Valid Password" line="17">
<kw name="Create User" library="AppLibrary">
<arg>666</arg>
<arg>salasana1234567890</arg>
<msg timestamp="20251115 18:32:50.097" level="FAIL">UserInputError: Username should only contain characters from a to z</msg>
<status status="FAIL" starttime="20251115 18:32:50.097" endtime="20251115 18:32:50.097"/>
</kw>
<kw name="Output Should Contain" library="AppLibrary">
<arg>Username should only contain characters from a to z</arg>
<status status="NOT RUN" starttime="20251115 18:32:50.097" endtime="20251115 18:32:50.097"/>
</kw>
<status status="FAIL" starttime="20251115 18:32:50.097" endtime="20251115 18:32:50.097">UserInputError: Username should only contain characters from a to z</status>
</test>
<test id="s1-s2-t5" name="Register With Valid Username And Too Short Password" line="21">
<kw name="Create User" library="AppLibrary">
<arg>maksalaatikko</arg>
<arg>asd</arg>
<msg timestamp="20251115 18:32:50.097" level="FAIL">UserInputError: Password has to be more than 7 characters long</msg>
<status status="FAIL" starttime="20251115 18:32:50.097" endtime="20251115 18:32:50.097"/>
</kw>
<kw name="Output Should Contain" library="AppLibrary">
<arg>Password has to be more than 7 characters long</arg>
<status status="NOT RUN" starttime="20251115 18:32:50.097" endtime="20251115 18:32:50.097"/>
</kw>
<status status="FAIL" starttime="20251115 18:32:50.097" endtime="20251115 18:32:50.097">UserInputError: Password has to be more than 7 characters long</status>
</test>
<test id="s1-s2-t6" name="Register With Valid Username And Long Enough Password Containing Only Letters" line="25">
<kw name="Create User" library="AppLibrary">
<arg>maksalaatikko</arg>
<arg>asdasdasdasdasd</arg>
<msg timestamp="20251115 18:32:50.097" level="FAIL">UserInputError: Password can not only contain</msg>
<status status="FAIL" starttime="20251115 18:32:50.097" endtime="20251115 18:32:50.097"/>
</kw>
<kw name="Output Should Contain" library="AppLibrary">
<arg>Password can not only contain letters</arg>
<status status="NOT RUN" starttime="20251115 18:32:50.097" endtime="20251115 18:32:50.097"/>
</kw>
<status status="FAIL" starttime="20251115 18:32:50.097" endtime="20251115 18:32:50.097">UserInputError: Password can not only contain</status>
</test>
<status status="FAIL" starttime="20251115 18:32:50.091" endtime="20251115 18:32:50.097"/>
</suite>
<status status="FAIL" starttime="20251115 18:32:50.065" endtime="20251115 18:32:50.097"/>
</suite>
<statistics>
<total>
<stat pass="3" fail="6" skip="0">All Tests</stat>
</total>
<tag>
</tag>
<suite>
<stat pass="3" fail="6" skip="0" id="s1" name="Tests">Tests</stat>
<stat pass="3" fail="0" skip="0" id="s1-s1" name="Login">Tests.Login</stat>
<stat pass="0" fail="6" skip="0" id="s1-s2" name="Register">Tests.Register</stat>
</suite>
</statistics>
<errors>
</errors>
</robot>
